[1] Customer 111 enters
[1] Customer 114 enters
[1] Customer 115 enters
[1] Customer 113 enters
[1] Customer 112 enters
[1] Customer 116 enters
[1] Customer 117 enters
[1] Customer 118 enters
[1] Customer 1112 enters
[1] Customer 1113 enters
[1] Customer 119 enters
[1] Customer 1114 enters
[1] Customer 1111 enters
[1] Customer 1110 enters
[1] Customer 1115 enters
[1] Customer 1116 enters
[1] Customer 1117 enters
[1] Customer 1118 enters
[1] Customer 1119 enters
[1] Customer 1120 enters
[1] Customer 1121 enters
[1] Customer 1122 enters
[1] Customer 1123 enters
[1] Customer 1124 enters
[1] Customer 1125 enters
[2] Customer 114 sits on the sofa
[2] Customer 111 sits on the sofa
[2] Customer 112 sits on the sofa
[2] Customer 115 sits on the sofa
[3] Customer 114 requests cake
[3] Customer 115 requests cake
[3] Customer 112 requests cake
[3] Customer 111 requests cake
[4] Chef 1 is baking for Customer 114
[4] Chef 3 is baking for Customer 115
[4] Chef 4 is baking for Customer 111
[4] Chef 2 is baking for Customer 112
[6] Customer 114 got cake, ready to pay
[6] Customer 111 got cake, ready to pay
[6] Customer 115 got cake, ready to pay
[6] Customer 112 got cake, ready to pay
[7] Chef 1 accepts the payment for the customer 114
[9] Customer 114 left
[9] Chef 4 accepts the payment for the customer 111
[10] Customer 113 moves from standing to sofa
[10] Customer 1126 leaves, bakery is full.
[10] Customer 1127 leaves, bakery is full.
[11] Customer 111 left
[11] Chef 3 accepts the payment for the customer 115
[11] Customer 113 requests cake
[12] Customer 117 moves from standing to sofa
[12] Chef 1 is baking for Customer 113
[13] Customer 115 left
[13] Chef 2 accepts the payment for the customer 112
[13] Customer 117 requests cake
[14] Customer 113 got cake, ready to pay
[14] Customer 116 moves from standing to sofa
[14] Chef 4 is baking for Customer 117
[15] Customer 112 left
[15] Chef 1 accepts the payment for the customer 113
[15] Customer 116 requests cake
[16] Customer 117 got cake, ready to pay
[16] Customer 118 moves from standing to sofa
[16] Chef 3 is baking for Customer 116
[17] Customer 113 left
[17] Customer 118 requests cake
[17] Chef 4 accepts the payment for the customer 117
[18] Customer 1113 moves from standing to sofa
[18] Customer 116 got cake, ready to pay
[18] Chef 2 is baking for Customer 118
[19] Customer 1113 requests cake
[19] Chef 3 accepts the payment for the customer 116
[19] Customer 117 left
[20] Chef 1 is baking for Customer 1113
[20] Customer 118 got cake, ready to pay
[20] Customer 1112 moves from standing to sofa
[21] Customer 116 left
[21] Chef 2 accepts the payment for the customer 118
[21] Customer 1112 requests cake
[22] Customer 1113 got cake, ready to pay
[22] Customer 1114 moves from standing to sofa
[22] Chef 4 is baking for Customer 1112
[23] Customer 1114 requests cake
[23] Customer 118 left
[23] Chef 1 accepts the payment for the customer 1113
[24] Customer 1112 got cake, ready to pay
[24] Chef 3 is baking for Customer 1114
[24] Customer 119 moves from standing to sofa
[25] Customer 1113 left
[25] Chef 4 accepts the payment for the customer 1112
[25] Customer 119 requests cake
[26] Customer 1114 got cake, ready to pay
[26] Customer 1111 moves from standing to sofa
[26] Chef 2 is baking for Customer 119
[27] Chef 3 accepts the payment for the customer 1114
[27] Customer 1112 left
[27] Customer 1111 requests cake
[28] Customer 1110 moves from standing to sofa
[28] Customer 119 got cake, ready to pay
[28] Chef 1 is baking for Customer 1111
[29] Customer 1114 left
[29] Customer 1110 requests cake
[29] Chef 2 accepts the payment for the customer 119
[30] Customer 1115 moves from standing to sofa
[30] Customer 1111 got cake, ready to pay
[30] Chef 4 is baking for Customer 1110
[31] Customer 1115 requests cake
[31] Customer 119 left
[31] Chef 1 accepts the payment for the customer 1111
[32] Customer 1110 got cake, ready to pay
[32] Chef 3 is baking for Customer 1115
[32] Customer 1116 moves from standing to sofa
[33] Customer 1111 left
[33] Chef 4 accepts the payment for the customer 1110
[33] Customer 1116 requests cake
[34] Customer 1117 moves from standing to sofa
[34] Customer 1115 got cake, ready to pay
[34] Chef 2 is baking for Customer 1116
[35] Customer 1110 left
[35] Chef 3 accepts the payment for the customer 1115
[35] Customer 1117 requests cake
[36] Customer 1118 moves from standing to sofa
[36] Chef 1 is baking for Customer 1117
[36] Customer 1116 got cake, ready to pay
[37] Customer 1115 left
[37] Customer 1118 requests cake
[37] Chef 2 accepts the payment for the customer 1116
[38] Customer 1119 moves from standing to sofa
[38] Customer 1117 got cake, ready to pay
[38] Chef 4 is baking for Customer 1118
[39] Customer 1119 requests cake
[39] Customer 1116 left
[39] Chef 1 accepts the payment for the customer 1117
[40] Chef 3 is baking for Customer 1119
[40] Customer 1118 got cake, ready to pay
[40] Customer 1120 moves from standing to sofa
[41] Customer 1117 left
[41] Customer 1120 requests cake
[41] Chef 4 accepts the payment for the customer 1118
[42] Customer 1119 got cake, ready to pay
[42] Chef 2 is baking for Customer 1120
[42] Customer 1121 moves from standing to sofa
[43] Customer 1121 requests cake
[43] Customer 1118 left
[43] Chef 3 accepts the payment for the customer 1119
[44] Customer 1120 got cake, ready to pay
[44] Chef 1 is baking for Customer 1121
[44] Customer 1122 moves from standing to sofa
[45] Customer 1122 requests cake
[45] Customer 1119 left
[45] Chef 2 accepts the payment for the customer 1120
[46] Customer 1121 got cake, ready to pay
[46] Chef 4 is baking for Customer 1122
[46] Customer 1123 moves from standing to sofa
[47] Customer 1120 left
[47] Customer 1123 requests cake
[47] Chef 1 accepts the payment for the customer 1121
[48] Customer 1122 got cake, ready to pay
[48] Chef 3 is baking for Customer 1123
[48] Customer 1124 moves from standing to sofa
[49] Customer 1121 left
[49] Chef 4 accepts the payment for the customer 1122
[49] Customer 1124 requests cake
[50] Customer 1125 moves from standing to sofa
[50] Customer 1123 got cake, ready to pay
[50] Chef 2 is baking for Customer 1124
[51] Customer 1122 left
[51] Chef 3 accepts the payment for the customer 1123
[51] Customer 1125 requests cake
[52] Customer 1124 got cake, ready to pay
[52] Chef 1 is baking for Customer 1125
[53] Customer 1123 left
[53] Chef 2 accepts the payment for the customer 1124
[54] Customer 1125 got cake, ready to pay
[55] Customer 1124 left
[55] Chef 1 accepts the payment for the customer 1125
[57] Customer 1125 left
All customers served. Bakery is closing.
