[1] Customer 202 enters
[1] Customer 204 enters
[1] Customer 203 enters
[1] Customer 201 enters
[2] Customer 202 sits on the sofa
[2] Customer 204 sits on the sofa
[2] Customer 206 enters
[2] Customer 203 sits on the sofa
[2] Customer 205 enters
[2] Customer 201 sits on the sofa
[3] Customer 202 requests cake
[3] Customer 204 requests cake
[3] Customer 203 requests cake
[3] Customer 201 requests cake
[4] Chef 3 is baking for Customer 202
[4] Chef 1 is baking for Customer 204
[4] Chef 4 is baking for Customer 203
[4] Chef 2 is baking for Customer 201
[6] Customer 202 got cake, ready to pay
[6] Customer 203 got cake, ready to pay
[6] Customer 204 got cake, ready to pay
[6] Customer 201 got cake, ready to pay
[7] Chef 3 accepts the payment for the customer 202
[9] Customer 202 left
[9] Chef 1 accepts the payment for the customer 204
[10] Customer 206 moves from standing to sofa
[11] Customer 204 left
[11] Chef 2 accepts the payment for the customer 201
[11] Customer 206 requests cake
[12] Customer 205 moves from standing to sofa
[12] Chef 3 is baking for Customer 206
[13] Customer 201 left
[13] Customer 205 requests cake
[13] Chef 4 accepts the payment for the customer 203
[14] Chef 1 is baking for Customer 205
[14] Customer 206 got cake, ready to pay
[15] Customer 203 left
[15] Chef 3 accepts the payment for the customer 206
[16] Customer 205 got cake, ready to pay
[17] Customer 206 left
[17] Chef 1 accepts the payment for the customer 205
[19] Customer 205 left
All customers served. Bakery is closing.
