[1] Customer 11 enters
[1] Customer 16 enters
[1] Customer 15 enters
[1] Customer 19 enters
[1] Customer 17 enters
[1] Customer 12 enters
[1] Customer 13 enters
[1] Customer 18 enters
[1] Customer 14 enters
[1] Customer 110 enters
[1] Customer 111 enters
[1] Customer 112 enters
[1] Customer 113 enters
[1] Customer 114 enters
[1] Customer 116 enters
[1] Customer 117 enters
[1] Customer 115 enters
[1] Customer 119 enters
[1] Customer 118 enters
[1] Customer 121 enters
[1] Customer 120 enters
[1] Customer 122 enters
[1] Customer 123 enters
[1] Customer 124 enters
[1] Customer 125 enters
[1] Customer 127 leaves, bakery is full.
[1] Customer 126 leaves, bakery is full.
[1] Customer 129 leaves, bakery is full.
[1] Customer 130 leaves, bakery is full.
[1] Customer 128 leaves, bakery is full.
[2] Customer 16 sits on the sofa
[2] Customer 12 sits on the sofa
[2] Customer 110 sits on the sofa
[2] Customer 15 sits on the sofa
[3] Customer 15 requests cake
[3] Customer 16 requests cake
[3] Customer 12 requests cake
[3] Customer 110 requests cake
[4] Chef 2 is baking for Customer 15
[4] Chef 1 is baking for Customer 12
[4] Chef 3 is baking for Customer 16
[4] Chef 4 is baking for Customer 110
[6] Customer 15 got cake, ready to pay
[6] Customer 16 got cake, ready to pay
[6] Customer 12 got cake, ready to pay
[6] Customer 110 got cake, ready to pay
[7] Chef 3 accepts the payment for the customer 16
[9] Customer 16 left
[9] Chef 4 accepts the payment for the customer 110
[10] Customer 11 moves from standing to sofa
[11] Customer 11 requests cake
[11] Customer 110 left
[11] Chef 2 accepts the payment for the customer 15
[12] Customer 13 moves from standing to sofa
[12] Chef 3 is baking for Customer 11
[13] Customer 15 left
[13] Customer 13 requests cake
[13] Chef 1 accepts the payment for the customer 12
[14] Customer 11 got cake, ready to pay
[14] Customer 18 moves from standing to sofa
[14] Chef 4 is baking for Customer 13
[15] Customer 18 requests cake
[15] Customer 12 left
[15] Chef 3 accepts the payment for the customer 11
[16] Customer 13 got cake, ready to pay
[16] Chef 2 is baking for Customer 18
[16] Customer 19 moves from standing to sofa
[17] Customer 11 left
[17] Customer 19 requests cake
[17] Chef 4 accepts the payment for the customer 13
[18] Customer 18 got cake, ready to pay
[18] Customer 14 moves from standing to sofa
[18] Chef 1 is baking for Customer 19
[19] Customer 13 left
[19] Customer 14 requests cake
[19] Chef 2 accepts the payment for the customer 18
[20] Customer 19 got cake, ready to pay
[20] Chef 3 is baking for Customer 14
[20] Customer 111 moves from standing to sofa
[21] Customer 18 left
[21] Chef 1 accepts the payment for the customer 19
[21] Customer 111 requests cake
[22] Customer 14 got cake, ready to pay
[22] Customer 17 moves from standing to sofa
[22] Chef 4 is baking for Customer 111
[23] Customer 19 left
[23] Chef 3 accepts the payment for the customer 14
[23] Customer 17 requests cake
[24] Customer 112 moves from standing to sofa
[24] Customer 111 got cake, ready to pay
[24] Chef 2 is baking for Customer 17
[25] Customer 14 left
[25] Chef 4 accepts the payment for the customer 111
[25] Customer 112 requests cake
[26] Customer 17 got cake, ready to pay
[26] Customer 113 moves from standing to sofa
[26] Chef 1 is baking for Customer 112
[27] Chef 2 accepts the payment for the customer 17
[27] Customer 113 requests cake
[27] Customer 111 left
[28] Customer 112 got cake, ready to pay
[28] Customer 114 moves from standing to sofa
[28] Chef 3 is baking for Customer 113
[29] Customer 17 left
[29] Chef 1 accepts the payment for the customer 112
[29] Customer 114 requests cake
[30] Customer 116 moves from standing to sofa
[30] Customer 113 got cake, ready to pay
[30] Chef 4 is baking for Customer 114
[31] Customer 116 requests cake
[31] Customer 112 left
[31] Chef 3 accepts the payment for the customer 113
[32] Customer 117 moves from standing to sofa
[32] Chef 2 is baking for Customer 116
[32] Customer 114 got cake, ready to pay
[33] Customer 113 left
[33] Customer 117 requests cake
[33] Chef 4 accepts the payment for the customer 114
[34] Customer 119 moves from standing to sofa
[34] Customer 116 got cake, ready to pay
[34] Chef 1 is baking for Customer 117
[35] Customer 119 requests cake
[35] Customer 114 left
[35] Chef 2 accepts the payment for the customer 116
[36] Customer 117 got cake, ready to pay
[36] Chef 3 is baking for Customer 119
[36] Customer 115 moves from standing to sofa
[37] Customer 116 left
[37] Chef 1 accepts the payment for the customer 117
[37] Customer 115 requests cake
[38] Customer 119 got cake, ready to pay
[38] Customer 118 moves from standing to sofa
[38] Chef 4 is baking for Customer 115
[39] Chef 3 accepts the payment for the customer 119
[39] Customer 117 left
[39] Customer 118 requests cake
[40] Customer 121 moves from standing to sofa
[40] Chef 2 is baking for Customer 118
[40] Customer 115 got cake, ready to pay
[41] Customer 119 left
[41] Customer 121 requests cake
[41] Chef 4 accepts the payment for the customer 115
[42] Chef 1 is baking for Customer 121
[42] Customer 120 moves from standing to sofa
[42] Customer 118 got cake, ready to pay
[43] Customer 120 requests cake
[43] Customer 115 left
[43] Chef 2 accepts the payment for the customer 118
[44] Customer 121 got cake, ready to pay
[44] Chef 3 is baking for Customer 120
[44] Customer 123 moves from standing to sofa
[45] Customer 118 left
[45] Chef 1 accepts the payment for the customer 121
[45] Customer 123 requests cake
[46] Customer 120 got cake, ready to pay
[46] Chef 4 is baking for Customer 123
[46] Customer 122 moves from standing to sofa
[47] Chef 3 accepts the payment for the customer 120
[47] Customer 121 left
[47] Customer 122 requests cake
[48] Customer 124 moves from standing to sofa
[48] Customer 123 got cake, ready to pay
[48] Chef 2 is baking for Customer 122
[49] Customer 120 left
[49] Customer 124 requests cake
[49] Chef 4 accepts the payment for the customer 123
[50] Customer 125 moves from standing to sofa
[50] Customer 122 got cake, ready to pay
[50] Chef 1 is baking for Customer 124
[51] Customer 125 requests cake
[51] Customer 123 left
[51] Chef 2 accepts the payment for the customer 122
[52] Chef 3 is baking for Customer 125
[52] Customer 124 got cake, ready to pay
[53] Customer 122 left
[53] Chef 1 accepts the payment for the customer 124
[54] Customer 125 got cake, ready to pay
[55] Customer 124 left
[55] Chef 3 accepts the payment for the customer 125
[57] Customer 125 left
All customers served. Bakery is closing.
