[1] Customer 131 enters
[1] Customer 135 enters
[1] Customer 132 enters
[1] Customer 133 enters
[1] Customer 137 enters
[1] Customer 134 enters
[1] Customer 136 enters
[1] Customer 138 enters
[2] Customer 135 sits on the sofa
[2] Customer 131 sits on the sofa
[2] Customer 132 sits on the sofa
[2] Customer 136 sits on the sofa
[3] Customer 135 requests cake
[3] Customer 131 requests cake
[3] Customer 132 requests cake
[3] Customer 136 requests cake
[4] Chef 1 is baking for Customer 135
[4] Chef 4 is baking for Customer 132
[4] Chef 2 is baking for Customer 136
[4] Chef 3 is baking for Customer 131
[6] Customer 135 got cake, ready to pay
[6] Customer 132 got cake, ready to pay
[6] Customer 136 got cake, ready to pay
[6] Customer 131 got cake, ready to pay
[7] Chef 4 accepts the payment for the customer 132
[9] Customer 132 left
[9] Chef 1 accepts the payment for the customer 135
[10] Customer 133 moves from standing to sofa
[11] Customer 135 left
[11] Chef 2 accepts the payment for the customer 136
[11] Customer 133 requests cake
[12] Customer 137 moves from standing to sofa
[12] Chef 4 is baking for Customer 133
[13] Customer 136 left
[13] Customer 137 requests cake
[13] Chef 3 accepts the payment for the customer 131
[14] Customer 134 moves from standing to sofa
[14] Customer 133 got cake, ready to pay
[14] Chef 1 is baking for Customer 137
[15] Customer 134 requests cake
[15] Customer 131 left
[15] Chef 4 accepts the payment for the customer 133
[16] Customer 137 got cake, ready to pay
[16] Chef 2 is baking for Customer 134
[16] Customer 138 moves from standing to sofa
[17] Customer 133 left
[17] Chef 1 accepts the payment for the customer 137
[17] Customer 138 requests cake
[18] Customer 134 got cake, ready to pay
[18] Chef 3 is baking for Customer 138
[19] Customer 137 left
[19] Chef 2 accepts the payment for the customer 134
[20] Customer 138 got cake, ready to pay
[21] Customer 134 left
[21] Chef 3 accepts the payment for the customer 138
[23] Customer 138 left
All customers served. Bakery is closing.
