[1] Customer 502 enters
[1] Customer 503 enters
[1] Customer 504 enters
[1] Customer 501 enters
[2] Customer 502 sits on the sofa
[2] Customer 503 sits on the sofa
[2] Customer 504 sits on the sofa
[2] Customer 501 sits on the sofa
[3] Customer 502 requests cake
[3] Customer 503 requests cake
[3] Customer 504 requests cake
[3] Customer 501 requests cake
[4] Chef 1 is baking for Customer 502
[4] Chef 2 is baking for Customer 503
[4] Chef 4 is baking for Customer 501
[4] Chef 3 is baking for Customer 504
[6] Customer 503 got cake, ready to pay
[6] Customer 504 got cake, ready to pay
[6] Customer 502 got cake, ready to pay
[6] Customer 501 got cake, ready to pay
[7] Chef 2 accepts the payment for the customer 503
[9] Customer 503 left
[9] Chef 1 accepts the payment for the customer 502
[11] Customer 502 left
[11] Chef 4 accepts the payment for the customer 501
[13] Customer 501 left
[13] Chef 3 accepts the payment for the customer 504
[15] Customer 504 left
All customers served. Bakery is closing.
