[1] Customer 1201 enters
[1] Customer 1201 enters
[2] Customer 1201 sits on the sofa
[2] Customer 1201 sits on the sofa
[3] Customer 1202 enters
[3] Customer 1201 requests cake
[3] Customer 1201 requests cake
[4] Customer 1202 sits on the sofa
[4] Chef 2 is baking for Customer 1201
[4] Chef 1 is baking for Customer 1201
[5] Customer 1202 requests cake
[6] Chef 4 is baking for Customer 1202
[6] Customer 1201 got cake, ready to pay
[6] Customer 1201 got cake, ready to pay
[7] Chef 2 accepts the payment for the customer 1201
[8] Customer 1202 got cake, ready to pay
[9] Customer 1201 left
[9] Chef 1 accepts the payment for the customer 1201
[11] Customer 1201 left
[11] Chef 4 accepts the payment for the customer 1202
[13] Customer 1202 left
All customers served. Bakery is closing.
