[1] Customer 401 enters
[2] Customer 401 sits on the sofa
[2] Customer 402 enters
[3] Customer 401 requests cake
[3] Customer 403 enters
[3] Customer 402 sits on the sofa
[4] Customer 404 enters
[4] Chef 3 is baking for Customer 401
[4] Customer 403 sits on the sofa
[4] Customer 402 requests cake
[5] Customer 404 sits on the sofa
[5] Customer 405 enters
[5] Chef 1 is baking for Customer 402
[5] Customer 403 requests cake
[6] Customer 404 requests cake
[6] Customer 401 got cake, ready to pay
[6] Chef 4 is baking for Customer 403
[7] Chef 2 is baking for Customer 404
[7] Chef 3 accepts the payment for the customer 401
[7] Customer 402 got cake, ready to pay
[8] Customer 403 got cake, ready to pay
[9] Customer 404 got cake, ready to pay
[9] Customer 401 left
[9] Chef 1 accepts the payment for the customer 402
[10] Customer 405 moves from standing to sofa
[11] Customer 402 left
[11] Customer 405 requests cake
[11] Chef 4 accepts the payment for the customer 403
[12] Chef 3 is baking for Customer 405
[13] Customer 403 left
[13] Chef 2 accepts the payment for the customer 404
[14] Customer 405 got cake, ready to pay
[15] Customer 404 left
[15] Chef 3 accepts the payment for the customer 405
[17] Customer 405 left
All customers served. Bakery is closing.
