[1] Customer 152 enters
[1] Customer 154 enters
[1] Customer 151 enters
[1] Customer 153 enters
[1] Customer 155 enters
[1] Customer 156 enters
[1] Customer 157 enters
[1] Customer 158 enters
[1] Customer 159 enters
[1] Customer 1510 enters
[2] Customer 152 sits on the sofa
[2] Customer 151 sits on the sofa
[2] Customer 153 sits on the sofa
[2] Customer 155 sits on the sofa
[3] Customer 151 requests cake
[3] Customer 152 requests cake
[3] Customer 153 requests cake
[3] Customer 155 requests cake
[4] Chef 3 is baking for Customer 153
[4] Chef 1 is baking for Customer 151
[4] Chef 4 is baking for Customer 155
[4] Chef 2 is baking for Customer 152
[6] Customer 152 got cake, ready to pay
[6] Customer 151 got cake, ready to pay
[6] Customer 153 got cake, ready to pay
[6] Customer 155 got cake, ready to pay
[7] Chef 2 accepts the payment for the customer 152
[9] Customer 152 left
[9] Chef 3 accepts the payment for the customer 153
[10] Customer 156 moves from standing to sofa
[11] Customer 153 left
[11] Chef 1 accepts the payment for the customer 151
[11] Customer 156 requests cake
[12] Customer 154 moves from standing to sofa
[12] Chef 2 is baking for Customer 156
[13] Customer 151 left
[13] Chef 4 accepts the payment for the customer 155
[13] Customer 154 requests cake
[14] Customer 156 got cake, ready to pay
[14] Customer 157 moves from standing to sofa
[14] Chef 3 is baking for Customer 154
[15] Customer 155 left
[15] Customer 157 requests cake
[15] Chef 2 accepts the payment for the customer 156
[16] Customer 158 moves from standing to sofa
[16] Chef 1 is baking for Customer 157
[16] Customer 154 got cake, ready to pay
[17] Customer 156 left
[17] Customer 158 requests cake
[17] Chef 3 accepts the payment for the customer 154
[18] Customer 157 got cake, ready to pay
[18] Customer 1510 moves from standing to sofa
[18] Chef 4 is baking for Customer 158
[19] Customer 1510 requests cake
[19] Customer 154 left
[19] Chef 1 accepts the payment for the customer 157
[20] Chef 2 is baking for Customer 1510
[20] Customer 159 moves from standing to sofa
[20] Customer 158 got cake, ready to pay
[21] Customer 157 left
[21] Chef 4 accepts the payment for the customer 158
[21] Customer 159 requests cake
[22] Customer 1510 got cake, ready to pay
[22] Chef 3 is baking for Customer 159
[23] Customer 158 left
[23] Chef 2 accepts the payment for the customer 1510
[24] Customer 159 got cake, ready to pay
[25] Customer 1510 left
[25] Chef 3 accepts the payment for the customer 159
[27] Customer 159 left
All customers served. Bakery is closing.
