[1] Customer 603 enters
[1] Customer 602 enters
[1] Customer 601 enters
[1] Customer 604 enters
[2] Customer 605 enters
[2] Customer 602 sits on the sofa
[2] Customer 603 sits on the sofa
[2] Customer 601 sits on the sofa
[2] Customer 604 sits on the sofa
[3] Customer 602 requests cake
[3] Customer 603 requests cake
[3] Customer 601 requests cake
[3] Customer 604 requests cake
[4] Chef 3 is baking for Customer 602
[4] Chef 1 is baking for Customer 601
[4] Chef 4 is baking for Customer 603
[4] Chef 2 is baking for Customer 604
[6] Customer 602 got cake, ready to pay
[6] Customer 601 got cake, ready to pay
[6] Customer 603 got cake, ready to pay
[6] Customer 604 got cake, ready to pay
[7] Chef 3 accepts the payment for the customer 602
[9] Customer 602 left
[9] Chef 1 accepts the payment for the customer 601
[10] Customer 605 moves from standing to sofa
[11] Customer 601 left
[11] Customer 605 requests cake
[11] Chef 4 accepts the payment for the customer 603
[12] Chef 3 is baking for Customer 605
[13] Customer 603 left
[13] Chef 2 accepts the payment for the customer 604
[14] Customer 605 got cake, ready to pay
[15] Customer 604 left
[15] Chef 3 accepts the payment for the customer 605
[17] Customer 605 left
All customers served. Bakery is closing.
